Successfully retrieved statistics for job: 41108044. 
+------------------------------------------------------------------------------+
| GPU ID: 2                                                                    |
+====================================+=========================================+
|-----  Execution Stats  ------------+-----------------------------------------|
| Start Time                         | Sat Oct 11 22:31:33 2025                |
| End Time                           | Tue Oct 14 07:31:46 2025                |
| Total Execution Time (sec)         | 205213                                  |
| No. of Processes                   | 2                                       |
+-----  Performance Stats  ----------+-----------------------------------------+
| Energy Consumed (Joules)           | 269065                                  |
| Power Usage (Watts)                | Avg: 75.8596, Max: 188, Min: 67.055     |
| Max GPU Memory Used (bytes)        | 12236587008                             |
| SM Clock (MHz)                     | Avg: 1246, Max: 1410, Min: 1155         |
| Memory Clock (MHz)                 | Avg: 1593, Max: 1593, Min: 1593         |
| SM Utilization (%)                 | Avg: 12, Max: 96, Min: 0                |
| Memory Utilization (%)             | Avg: 0, Max: 5, Min: 0                  |
| PCIe Rx Bandwidth (megabytes)      | Avg: N/A, Max: N/A, Min: N/A            |
| PCIe Tx Bandwidth (megabytes)      | Avg: N/A, Max: N/A, Min: N/A            |
+-----  Event Stats  ----------------+-----------------------------------------+
| Single Bit ECC Errors              | 0                                       |
| Double Bit ECC Errors              | 0                                       |
| PCIe Replay Warnings               | 0                                       |
| Critical XID Errors                | 0                                       |
+-----  Slowdown Stats  -------------+-----------------------------------------+
| Due to - Power (%)                 | 0                                       |
|        - Thermal (%)               | 0                                       |
|        - Reliability (%)           | Not Supported                           |
|        - Board Limit (%)           | Not Supported                           |
|        - Low Utilization (%)       | Not Supported                           |
|        - Sync Boost (%)            | 0                                       |
+--  Compute Process Utilization  ---+-----------------------------------------+
| PID                                | 2205371                                 |
|     Avg SM Utilization (%)         | 12                                      |
|     Avg Memory Utilization (%)     | 0                                       |
+--  Graphics Process Utilization  ---+-----------------------------------------+
| PID                                | 2205371                                 |
|     Avg SM Utilization (%)         | 12                                      |
|     Avg Memory Utilization (%)     | 0                                       |
+-----  Overall Health  -------------+-----------------------------------------+
| Overall Health                     | Healthy                                 |
+------------------------------------+-----------------------------------------+

+------------------------------------------------------------------------------+
| GPU ID: 3                                                                    |
+====================================+=========================================+
|-----  Execution Stats  ------------+-----------------------------------------|
| Start Time                         | Sat Oct 11 22:31:33 2025                |
| End Time                           | Tue Oct 14 07:31:46 2025                |
| Total Execution Time (sec)         | 205213                                  |
| No. of Processes                   | 1                                       |
+-----  Performance Stats  ----------+-----------------------------------------+
| Energy Consumed (Joules)           | 1106169                                 |
| Power Usage (Watts)                | Avg: 320.987, Max: 446.692, Min: 82.373 |
| Max GPU Memory Used (bytes)        | 36593205248                             |
| SM Clock (MHz)                     | Avg: 1392, Max: 1410, Min: 1155         |
| Memory Clock (MHz)                 | Avg: 1593, Max: 1593, Min: 1593         |
| SM Utilization (%)                 | Avg: 73, Max: 100, Min: 0               |
| Memory Utilization (%)             | Avg: 35, Max: 52, Min: 0                |
| PCIe Rx Bandwidth (megabytes)      | Avg: N/A, Max: N/A, Min: N/A            |
| PCIe Tx Bandwidth (megabytes)      | Avg: N/A, Max: N/A, Min: N/A            |
+-----  Event Stats  ----------------+-----------------------------------------+
| Single Bit ECC Errors              | 0                                       |
| Double Bit ECC Errors              | 0                                       |
| PCIe Replay Warnings               | 0                                       |
| Critical XID Errors                | 0                                       |
+-----  Slowdown Stats  -------------+-----------------------------------------+
| Due to - Power (%)                 | 0                                       |
|        - Thermal (%)               | 0                                       |
|        - Reliability (%)           | Not Supported                           |
|        - Board Limit (%)           | Not Supported                           |
|        - Low Utilization (%)       | Not Supported                           |
|        - Sync Boost (%)            | 0                                       |
+--  Compute Process Utilization  ---+-----------------------------------------+
| PID                                | 2205371                                 |
|     Avg SM Utilization (%)         | 76                                      |
|     Avg Memory Utilization (%)     | 34                                      |
+-----  Overall Health  -------------+-----------------------------------------+
| Overall Health                     | Healthy                                 |
+------------------------------------+-----------------------------------------+

